0 info it worked if it ends with ok
1 verbose cli [ '/usr/bin/node', '/usr/bin/npm', 'run', 'startApp_dev' ]
2 info using npm@3.5.2
3 info using node@v8.10.0
4 verbose run-script [ 'prestartApp_dev', 'startApp_dev', 'poststartApp_dev' ]
5 info lifecycle itmatters@1.0.0~prestartApp_dev: itmatters@1.0.0
6 silly lifecycle itmatters@1.0.0~prestartApp_dev: no script for prestartApp_dev, continuing
7 info lifecycle itmatters@1.0.0~startApp_dev: itmatters@1.0.0
8 verbose lifecycle itmatters@1.0.0~startApp_dev: unsafe-perm in lifecycle true
9 verbose lifecycle itmatters@1.0.0~startApp_dev: PATH: /usr/share/npm/bin/node-gyp-bin:/home/anuj/Documents/Web Project/itMatters/node_modules/.bin:/usr/local/sbin:/usr/local/bin:/usr/sbin:/usr/bin:/sbin:/bin:/usr/games:/usr/local/games:/snap/bin
10 verbose lifecycle itmatters@1.0.0~startApp_dev: CWD: /home/anuj/Documents/Web Project/itMatters
11 silly lifecycle itmatters@1.0.0~startApp_dev: Args: [ '-c', 'nodemon server.js' ]
12 silly lifecycle itmatters@1.0.0~startApp_dev: Returned: code: 1  signal: null
13 info lifecycle itmatters@1.0.0~startApp_dev: Failed to exec startApp_dev script
14 verbose stack Error: itmatters@1.0.0 startApp_dev: `nodemon server.js`
14 verbose stack Exit status 1
14 verbose stack     at EventEmitter.<anonymous> (/usr/share/npm/lib/utils/lifecycle.js:232:16)
14 verbose stack     at emitTwo (events.js:126:13)
14 verbose stack     at EventEmitter.emit (events.js:214:7)
14 verbose stack     at ChildProcess.<anonymous> (/usr/share/npm/lib/utils/spawn.js:24:14)
14 verbose stack     at emitTwo (events.js:126:13)
14 verbose stack     at ChildProcess.emit (events.js:214:7)
14 verbose stack     at maybeClose (internal/child_process.js:925:16)
14 verbose stack     at Process.ChildProcess._handle.onexit (internal/child_process.js:209:5)
15 verbose pkgid itmatters@1.0.0
16 verbose cwd /home/anuj/Documents/Web Project/itMatters
17 error Linux 5.0.0-32-generic
18 error argv "/usr/bin/node" "/usr/bin/npm" "run" "startApp_dev"
19 error node v8.10.0
20 error npm  v3.5.2
21 error code ELIFECYCLE
22 error itmatters@1.0.0 startApp_dev: `nodemon server.js`
22 error Exit status 1
23 error Failed at the itmatters@1.0.0 startApp_dev script 'nodemon server.js'.
23 error Make sure you have the latest version of node.js and npm installed.
23 error If you do, this is most likely a problem with the itmatters package,
23 error not with npm itself.
23 error Tell the author that this fails on your system:
23 error     nodemon server.js
23 error You can get information on how to open an issue for this project with:
23 error     npm bugs itmatters
23 error Or if that isn't available, you can get their info via:
23 error     npm owner ls itmatters
23 error There is likely additional logging output above.
24 verbose exit [ 1, true ]
